[2019-11-12 11:31:21,167] - [cn.com.infosec.netcert.caAdmin.ui.login.Panel_Config] init Admin config
java.lang.Exception: 选择的证书不是根证书
	at cn.com.infosec.netcert.caAdmin.utils.Env.initCAConfig(Env.java:99)
	at cn.com.infosec.netcert.caAdmin.ui.login.Panel_Config$2.widgetSelected(Panel_Config.java:213)
	at org.eclipse.swt.widgets.TypedListener.handleEvent(TypedListener.java:249)
	at org.eclipse.swt.widgets.EventTable.sendEvent(EventTable.java:84)
	at org.eclipse.swt.widgets.Display.sendEvent(Display.java:4418)
	at org.eclipse.swt.widgets.Widget.sendEvent(Widget.java:1079)
	at org.eclipse.swt.widgets.Display.runDeferredEvents(Display.java:4236)
	at org.eclipse.swt.widgets.Display.readAndDispatch(Display.java:3824)
	at org.eclipse.jface.window.Window.runEventLoop(Window.java:826)
	at org.eclipse.jface.window.Window.open(Window.java:802)
	at cn.com.infosec.netcert.caAdmin.ui.login.Login$ConfigAction.run(Login.java:435)
	at org.eclipse.jface.action.Action.runWithEvent(Action.java:499)
	at org.eclipse.jface.action.ActionContributionItem.handleWidgetSelection(ActionContributionItem.java:584)
	at org.eclipse.jface.action.ActionContributionItem.access$2(ActionContributionItem.java:501)
	at org.eclipse.jface.action.ActionContributionItem$5.handleEvent(ActionContributionItem.java:411)
	at org.eclipse.swt.widgets.EventTable.sendEvent(EventTable.java:84)
	at org.eclipse.swt.widgets.Display.sendEvent(Display.java:4418)
	at org.eclipse.swt.widgets.Widget.sendEvent(Widget.java:1079)
	at org.eclipse.swt.widgets.Display.runDeferredEvents(Display.java:4236)
	at org.eclipse.swt.widgets.Display.readAndDispatch(Display.java:3824)
	at org.eclipse.jface.window.Window.runEventLoop(Window.java:826)
	at org.eclipse.jface.window.Window.open(Window.java:802)
	at cn.com.infosec.netcert.caAdmin.ui.login.Login.main(Login.java:525)
[2019-11-12 14:51:32,984] - [cn.com.infosec.netcert.framework.crypto.impl.ukey.UsbKeySKFImpl] SKF_ExportCertificate[key:DE75EB3666C5700316A123F2AC3C00A] error: ret=0xa00001c
[2019-11-12 14:51:33,050] - [cn.com.infosec.netcert.framework.crypto.impl.ukey.UsbKeySKFImpl] SKF_ExportCertificate[key:DE75EB3666C5700316A123F2AC3C00A] error: ret=0xa00001c
[2019-11-12 14:51:33,101] - [cn.com.infosec.netcert.framework.crypto.impl.ukey.UsbKeySKFImpl] SKF_ExportCertificate[key:DE75EB3666C5700316A123F2AC3C00A] error: ret=0xa00001c
[2019-11-12 14:51:33,153] - [cn.com.infosec.netcert.framework.crypto.impl.ukey.UsbKeySKFImpl] SKF_ExportCertificate[key:DE75EB3666C5700316A123F2AC3C00A] error: ret=0xa00001c
[2019-11-12 14:51:33,203] - [cn.com.infosec.netcert.framework.crypto.impl.ukey.UsbKeySKFImpl] SKF_ExportCertificate[key:DE75EB3666C5700316A123F2AC3C00A] error: ret=0xa00001c
[2019-11-12 15:11:56,728] - [cn.com.infosec.netcert.framework.crypto.impl.ukey.UsbKeySKFImpl] SKF_ExportCertificate[key:DE75EB3666C5700316A123F2AC3C00A] error: ret=0xa00001c
[2019-11-12 15:11:56,781] - [cn.com.infosec.netcert.framework.crypto.impl.ukey.UsbKeySKFImpl] SKF_ExportCertificate[key:DE75EB3666C5700316A123F2AC3C00A] error: ret=0xa00001c
[2019-11-12 15:11:56,832] - [cn.com.infosec.netcert.framework.crypto.impl.ukey.UsbKeySKFImpl] SKF_ExportCertificate[key:DE75EB3666C5700316A123F2AC3C00A] error: ret=0xa00001c
[2019-11-12 15:11:56,882] - [cn.com.infosec.netcert.framework.crypto.impl.ukey.UsbKeySKFImpl] SKF_ExportCertificate[key:DE75EB3666C5700316A123F2AC3C00A] error: ret=0xa00001c
[2019-11-12 15:11:56,935] - [cn.com.infosec.netcert.framework.crypto.impl.ukey.UsbKeySKFImpl] SKF_ExportCertificate[key:DE75EB3666C5700316A123F2AC3C00A] error: ret=0xa00001c
[2019-11-12 15:14:06,775] - [cn.com.infosec.netcert.framework.crypto.impl.ukey.UsbKeySKFImpl] SKF_ExportCertificate[key:DE75EB3666C5700316A123F2AC3C00A] error: ret=0xa00001c
[2019-11-12 15:14:06,827] - [cn.com.infosec.netcert.framework.crypto.impl.ukey.UsbKeySKFImpl] SKF_ExportCertificate[key:DE75EB3666C5700316A123F2AC3C00A] error: ret=0xa00001c
[2019-11-12 15:14:06,878] - [cn.com.infosec.netcert.framework.crypto.impl.ukey.UsbKeySKFImpl] SKF_ExportCertificate[key:DE75EB3666C5700316A123F2AC3C00A] error: ret=0xa00001c
[2019-11-12 15:14:06,928] - [cn.com.infosec.netcert.framework.crypto.impl.ukey.UsbKeySKFImpl] SKF_ExportCertificate[key:DE75EB3666C5700316A123F2AC3C00A] error: ret=0xa00001c
[2019-11-12 15:14:06,979] - [cn.com.infosec.netcert.framework.crypto.impl.ukey.UsbKeySKFImpl] SKF_ExportCertificate[key:DE75EB3666C5700316A123F2AC3C00A] error: ret=0xa00001c
[2019-11-12 15:14:49,201] - [cn.com.infosec.netcert.framework.crypto.impl.ukey.UsbKeySKFImpl] SKF_ExportCertificate[key:DE75EB3666C5700316A123F2AC3C00A] error: ret=0xa00001c
[2019-11-12 15:14:49,252] - [cn.com.infosec.netcert.framework.crypto.impl.ukey.UsbKeySKFImpl] SKF_ExportCertificate[key:DE75EB3666C5700316A123F2AC3C00A] error: ret=0xa00001c
[2019-11-12 15:14:49,304] - [cn.com.infosec.netcert.framework.crypto.impl.ukey.UsbKeySKFImpl] SKF_ExportCertificate[key:DE75EB3666C5700316A123F2AC3C00A] error: ret=0xa00001c
[2019-11-12 15:14:49,358] - [cn.com.infosec.netcert.framework.crypto.impl.ukey.UsbKeySKFImpl] SKF_ExportCertificate[key:DE75EB3666C5700316A123F2AC3C00A] error: ret=0xa00001c
[2019-11-12 15:14:49,410] - [cn.com.infosec.netcert.framework.crypto.impl.ukey.UsbKeySKFImpl] SKF_ExportCertificate[key:DE75EB3666C5700316A123F2AC3C00A] error: ret=0xa00001c
[2019-11-12 15:16:23,900] - [cn.com.infosec.netcert.framework.crypto.impl.ukey.UsbKeySKFImpl] SKF_ExportCertificate[key:DE75EB3666C5700316A123F2AC3C00A] error: ret=0xa00001c
[2019-11-12 15:16:23,952] - [cn.com.infosec.netcert.framework.crypto.impl.ukey.UsbKeySKFImpl] SKF_ExportCertificate[key:DE75EB3666C5700316A123F2AC3C00A] error: ret=0xa00001c
[2019-11-12 15:16:24,004] - [cn.com.infosec.netcert.framework.crypto.impl.ukey.UsbKeySKFImpl] SKF_ExportCertificate[key:DE75EB3666C5700316A123F2AC3C00A] error: ret=0xa00001c
[2019-11-12 15:16:24,056] - [cn.com.infosec.netcert.framework.crypto.impl.ukey.UsbKeySKFImpl] SKF_ExportCertificate[key:DE75EB3666C5700316A123F2AC3C00A] error: ret=0xa00001c
[2019-11-12 15:16:24,109] - [cn.com.infosec.netcert.framework.crypto.impl.ukey.UsbKeySKFImpl] SKF_ExportCertificate[key:DE75EB3666C5700316A123F2AC3C00A] error: ret=0xa00001c
[2019-11-12 15:17:48,395] - [cn.com.infosec.netcert.framework.crypto.impl.ukey.UsbKeySKFImpl] SKF_ExportCertificate[key:DE75EB3666C5700316A123F2AC3C00A] error: ret=0xa00001c
[2019-11-12 15:17:48,446] - [cn.com.infosec.netcert.framework.crypto.impl.ukey.UsbKeySKFImpl] SKF_ExportCertificate[key:DE75EB3666C5700316A123F2AC3C00A] error: ret=0xa00001c
[2019-11-12 15:17:48,498] - [cn.com.infosec.netcert.framework.crypto.impl.ukey.UsbKeySKFImpl] SKF_ExportCertificate[key:DE75EB3666C5700316A123F2AC3C00A] error: ret=0xa00001c
[2019-11-12 15:17:48,550] - [cn.com.infosec.netcert.framework.crypto.impl.ukey.UsbKeySKFImpl] SKF_ExportCertificate[key:DE75EB3666C5700316A123F2AC3C00A] error: ret=0xa00001c
[2019-11-12 15:17:48,601] - [cn.com.infosec.netcert.framework.crypto.impl.ukey.UsbKeySKFImpl] SKF_ExportCertificate[key:DE75EB3666C5700316A123F2AC3C00A] error: ret=0xa00001c
[2019-11-12 15:17:52,160] - [cn.com.infosec.netcert.caAdmin.ui.login.Login] 
cn.com.infosec.netcert.framework.ServerException: Error Number:61500002
Error Message不是合法管理员
	at cn.com.infosec.netcert.caAdmin.utils.AdminClient.sendRequest(AdminClient.java:174)
	at cn.com.infosec.netcert.caAdmin.ui.login.Login$2.widgetSelected(Login.java:291)
	at org.eclipse.swt.widgets.TypedListener.handleEvent(Unknown Source)
	at org.eclipse.swt.widgets.EventTable.sendEvent(Unknown Source)
	at org.eclipse.swt.widgets.Widget.sendEvent(Unknown Source)
	at org.eclipse.swt.widgets.Display.runDeferredEvents(Unknown Source)
	at org.eclipse.swt.widgets.Display.readAndDispatch(Unknown Source)
	at org.eclipse.jface.window.Window.runEventLoop(Window.java:826)
	at org.eclipse.jface.window.Window.open(Window.java:802)
	at cn.com.infosec.netcert.caAdmin.ui.login.Login.main(Login.java:525)
[2019-11-12 15:17:57,549] - [cn.com.infosec.netcert.framework.crypto.impl.ukey.UsbKeySKFImpl] SKF_ExportCertificate[key:DE75EB3666C5700316A123F2AC3C00A] error: ret=0xa00001c
[2019-11-12 15:17:57,599] - [cn.com.infosec.netcert.framework.crypto.impl.ukey.UsbKeySKFImpl] SKF_ExportCertificate[key:DE75EB3666C5700316A123F2AC3C00A] error: ret=0xa00001c
[2019-11-12 15:17:57,652] - [cn.com.infosec.netcert.framework.crypto.impl.ukey.UsbKeySKFImpl] SKF_ExportCertificate[key:DE75EB3666C5700316A123F2AC3C00A] error: ret=0xa00001c
[2019-11-12 15:17:57,701] - [cn.com.infosec.netcert.framework.crypto.impl.ukey.UsbKeySKFImpl] SKF_ExportCertificate[key:DE75EB3666C5700316A123F2AC3C00A] error: ret=0xa00001c
[2019-11-12 15:17:57,752] - [cn.com.infosec.netcert.framework.crypto.impl.ukey.UsbKeySKFImpl] SKF_ExportCertificate[key:DE75EB3666C5700316A123F2AC3C00A] error: ret=0xa00001c
[2019-11-12 15:18:56,480] - [cn.com.infosec.netcert.framework.crypto.impl.ukey.UsbKeySKFImpl] SKF_ExportCertificate[key:DE75EB3666C5700316A123F2AC3C00A] error: ret=0xa00001c
[2019-11-12 15:18:56,531] - [cn.com.infosec.netcert.framework.crypto.impl.ukey.UsbKeySKFImpl] SKF_ExportCertificate[key:DE75EB3666C5700316A123F2AC3C00A] error: ret=0xa00001c
[2019-11-12 15:18:56,584] - [cn.com.infosec.netcert.framework.crypto.impl.ukey.UsbKeySKFImpl] SKF_ExportCertificate[key:DE75EB3666C5700316A123F2AC3C00A] error: ret=0xa00001c
[2019-11-12 15:18:56,635] - [cn.com.infosec.netcert.framework.crypto.impl.ukey.UsbKeySKFImpl] SKF_ExportCertificate[key:DE75EB3666C5700316A123F2AC3C00A] error: ret=0xa00001c
[2019-11-12 15:18:56,686] - [cn.com.infosec.netcert.framework.crypto.impl.ukey.UsbKeySKFImpl] SKF_ExportCertificate[key:DE75EB3666C5700316A123F2AC3C00A] error: ret=0xa00001c
[2019-11-12 15:24:27,843] - [cn.com.infosec.netcert.caAdmin.ui.admin.Panel_ReqCert] Request cert fail
cn.com.infosec.netcert.framework.ServerException: Error Number:61990303
Error Message检查管理员权限时异常错误
	at cn.com.infosec.netcert.caAdmin.utils.AdminClient.sendRequest(AdminClient.java:174)
	at cn.com.infosec.netcert.caAdmin.ui.admin.Panel_ReqCert$2.widgetSelected(Panel_ReqCert.java:205)
	at org.eclipse.swt.widgets.TypedListener.handleEvent(Unknown Source)
	at org.eclipse.swt.widgets.EventTable.sendEvent(Unknown Source)
	at org.eclipse.swt.widgets.Widget.sendEvent(Unknown Source)
	at org.eclipse.swt.widgets.Display.runDeferredEvents(Unknown Source)
	at org.eclipse.swt.widgets.Display.readAndDispatch(Unknown Source)
	at org.eclipse.jface.window.Window.runEventLoop(Window.java:826)
	at org.eclipse.jface.window.Window.open(Window.java:802)
	at cn.com.infosec.netcert.caAdmin.ui.admin.BO$2.widgetSelected(BO.java:259)
	at org.eclipse.swt.widgets.TypedListener.handleEvent(Unknown Source)
	at org.eclipse.swt.widgets.EventTable.sendEvent(Unknown Source)
	at org.eclipse.swt.widgets.Widget.sendEvent(Unknown Source)
	at org.eclipse.swt.widgets.Display.runDeferredEvents(Unknown Source)
	at org.eclipse.swt.widgets.Display.readAndDispatch(Unknown Source)
	at org.eclipse.jface.window.Window.runEventLoop(Window.java:826)
	at org.eclipse.jface.window.Window.open(Window.java:802)
	at cn.com.infosec.netcert.caAdmin.ui.login.Login$2.widgetSelected(Login.java:312)
	at org.eclipse.swt.widgets.TypedListener.handleEvent(Unknown Source)
	at org.eclipse.swt.widgets.EventTable.sendEvent(Unknown Source)
	at org.eclipse.swt.widgets.Widget.sendEvent(Unknown Source)
	at org.eclipse.swt.widgets.Display.runDeferredEvents(Unknown Source)
	at org.eclipse.swt.widgets.Display.readAndDispatch(Unknown Source)
	at org.eclipse.jface.window.Window.runEventLoop(Window.java:826)
	at org.eclipse.jface.window.Window.open(Window.java:802)
	at cn.com.infosec.netcert.caAdmin.ui.login.Login.main(Login.java:525)
[2019-11-12 15:29:35,943] - [cn.com.infosec.netcert.framework.crypto.impl.ukey.UsbKeySKFImpl] SKF_ExportCertificate[key:DE75EB3666C5700316A123F2AC3C00A] error: ret=0xa00001c
[2019-11-12 15:29:35,995] - [cn.com.infosec.netcert.framework.crypto.impl.ukey.UsbKeySKFImpl] SKF_ExportCertificate[key:DE75EB3666C5700316A123F2AC3C00A] error: ret=0xa00001c
[2019-11-12 15:29:36,048] - [cn.com.infosec.netcert.framework.crypto.impl.ukey.UsbKeySKFImpl] SKF_ExportCertificate[key:DE75EB3666C5700316A123F2AC3C00A] error: ret=0xa00001c
[2019-11-12 15:29:36,100] - [cn.com.infosec.netcert.framework.crypto.impl.ukey.UsbKeySKFImpl] SKF_ExportCertificate[key:DE75EB3666C5700316A123F2AC3C00A] error: ret=0xa00001c
[2019-11-12 15:29:36,151] - [cn.com.infosec.netcert.framework.crypto.impl.ukey.UsbKeySKFImpl] SKF_ExportCertificate[key:DE75EB3666C5700316A123F2AC3C00A] error: ret=0xa00001c
[2019-11-12 15:38:37,121] - [cn.com.infosec.netcert.framework.crypto.impl.ukey.UsbKeySKFImpl] SKF_ExportCertificate[key:DE75EB3666C5700316A123F2AC3C00A] error: ret=0xa00001c
[2019-11-12 15:38:37,171] - [cn.com.infosec.netcert.framework.crypto.impl.ukey.UsbKeySKFImpl] SKF_ExportCertificate[key:DE75EB3666C5700316A123F2AC3C00A] error: ret=0xa00001c
[2019-11-12 15:38:37,225] - [cn.com.infosec.netcert.framework.crypto.impl.ukey.UsbKeySKFImpl] SKF_ExportCertificate[key:DE75EB3666C5700316A123F2AC3C00A] error: ret=0xa00001c
[2019-11-12 15:38:37,279] - [cn.com.infosec.netcert.framework.crypto.impl.ukey.UsbKeySKFImpl] SKF_ExportCertificate[key:DE75EB3666C5700316A123F2AC3C00A] error: ret=0xa00001c
[2019-11-12 15:38:37,332] - [cn.com.infosec.netcert.framework.crypto.impl.ukey.UsbKeySKFImpl] SKF_ExportCertificate[key:DE75EB3666C5700316A123F2AC3C00A] error: ret=0xa00001c
